<?xml version="1.0" encoding="UTF-8"?>
<coverage generated="1746321894046" clover="3.2.0">
  <project timestamp="1746321894046" name="All files">
    <metrics statements="3" coveredstatements="3" conditionals="0" coveredconditionals="0" methods="3" coveredmethods="3" elements="6" coveredelements="6" complexity="0" loc="3" ncloc="3" packages="1" files="2" classes="2"/>
    <file name="02-template-string.ts" path="C:\Users\kangr\Desktop\Cursos\React\01-intro-react-vite\src\base-pruebas\02-template-string.ts">
      <metrics statements="1" coveredstatements="1" conditionals="0" coveredconditionals="0" methods="1" coveredmethods="1"/>
      <line num="3" count="1" type="stmt"/>
    </file>
    <file name="05-funciones.ts" path="C:\Users\kangr\Desktop\Cursos\React\01-intro-react-vite\src\base-pruebas\05-funciones.ts">
      <metrics statements="2" coveredstatements="2" conditionals="0" coveredconditionals="0" methods="2" coveredmethods="2"/>
      <line num="8" count="1" type="stmt"/>
      <line num="13" count="1" type="stmt"/>
    </file>
  </project>
</coverage>
