{"C:\\Users\\kangr\\Desktop\\Cursos\\React\\01-intro-react-vite\\src\\base-pruebas\\02-template-string.ts": {"path":"C:\\Users\\kangr\\Desktop\\Cursos\\React\\01-intro-react-vite\\src\\base-pruebas\\02-template-string.ts","statementMap":{"0":{"start":{"line":3,"column":4},"end":{"line":3,"column":28}}},"fnMap":{"0":{"name":"getSaludo","decl":{"start":{"line":2,"column":16},"end":{"line":2,"column":25}},"loc":{"start":{"line":2,"column":48},"end":{"line":4,"column":1}},"line":2}},"branchMap":{},"s":{"0":1},"f":{"0":1},"b":{},"_coverageSchema":"1a1c01bbd47fc00a2c39e90264f33305004495a9","hash":"256488f58d334739c65e65e6df1794ee9b871168"}
,"C:\\Users\\kangr\\Desktop\\Cursos\\React\\01-intro-react-vite\\src\\base-pruebas\\05-funciones.ts": {"path":"C:\\Users\\kangr\\Desktop\\Cursos\\React\\01-intro-react-vite\\src\\base-pruebas\\05-funciones.ts","statementMap":{"0":{"start":{"line":8,"column":23},"end":{"line":11,"column":2}},"1":{"start":{"line":8,"column":35},"end":{"line":11,"column":1}},"2":{"start":{"line":13,"column":32},"end":{"line":17,"column":2}},"3":{"start":{"line":13,"column":58},"end":{"line":17,"column":1}}},"fnMap":{"0":{"name":"(anonymous_0)","decl":{"start":{"line":8,"column":23},"end":{"line":8,"column":24}},"loc":{"start":{"line":8,"column":35},"end":{"line":11,"column":1}},"line":8},"1":{"name":"(anonymous_1)","decl":{"start":{"line":13,"column":32},"end":{"line":13,"column":33}},"loc":{"start":{"line":13,"column":58},"end":{"line":17,"column":1}},"line":13}},"branchMap":{},"s":{"0":1,"1":1,"2":1,"3":1},"f":{"0":1,"1":1},"b":{},"_coverageSchema":"1a1c01bbd47fc00a2c39e90264f33305004495a9","hash":"b539d6c6603ae6066bb16524b9b0b13ccf734d94"}
}
